<?xml version="1.0" encoding="UTF-8"?>
<!-- Generated by org.testng.reporters.JUnitReportReporter -->
<testsuite hostname="cvfdev" name="com.thalesgroup.services.cte.lis.dojo.Story1Test" tests="1" failures="0" timestamp="19 May 2016 20:32:47 GMT" time="0.034" errors="0">
  <testcase name="testLastCellOfRow" time="0.034" classname="com.thalesgroup.services.cte.lis.dojo.Story1Test"/>
</testsuite> <!-- com.thalesgroup.services.cte.lis.dojo.Story1Test -->
