<?xml version="1.0" encoding="UTF-8"?>
<!-- Generated by org.testng.reporters.JUnitReportReporter -->
<testsuite hostname="cvfdev" name="com.thalesgroup.services.cte.lis.dojo.RealGrid1Test" tests="1" failures="0" timestamp="19 May 2016 22:20:24 GMT" time="0.031" errors="0">
  <testcase name="RealGrid1" time="0.031" classname="com.thalesgroup.services.cte.lis.dojo.RealGrid1Test"/>
</testsuite> <!-- com.thalesgroup.services.cte.lis.dojo.RealGrid1Test -->
