<?xml version="1.0" encoding="UTF-8"?>
<!-- Generated by org.testng.reporters.JUnitReportReporter -->
<testsuite hostname="cvfdev" name="com.thalesgroup.services.cte.lis.dojo.RealGridsTest" tests="3" failures="1" timestamp="19 May 2016 23:46:44 GMT" time="0.052" errors="0">
  <testcase name="RealGrid1" time="0.032" classname="com.thalesgroup.services.cte.lis.dojo.RealGridsTest"/>
  <testcase name="EmptyGrid" time="0.005" classname="com.thalesgroup.services.cte.lis.dojo.RealGridsTest"/>
  <testcase name="RealGrid2" time="0.015" classname="com.thalesgroup.services.cte.lis.dojo.RealGridsTest">
    <failure type="java.lang.AssertionError" message="Could not solve the grid ! 53 cells still remaining to sove.">
      <![CDATA[java.lang.AssertionError: Could not solve the grid ! 53 cells still remaining to sove.
	at org.testng.Assert.fail(Assert.java:94)
	at com.thalesgroup.services.cte.lis.dojo.SudokuTest$SolvedProblem.shallBeSolved(SudokuTest.java:64)
	at com.thalesgroup.services.cte.lis.dojo.RealGridsTest.RealGrid2(RealGridsTest.java:55)
	at sun.reflect.NativeMethodAccessorImpl.invoke0(Native Method)
	at sun.reflect.NativeMethodAccessorImpl.invoke(NativeMethodAccessorImpl.java:62)
	at sun.reflect.DelegatingMethodAccessorImpl.invoke(DelegatingMethodAccessorImpl.java:43)
	at java.lang.reflect.Method.invoke(Method.java:497)
	at org.testng.internal.MethodInvocationHelper.invokeMethod(MethodInvocationHelper.java:86)
	at org.testng.internal.Invoker.invokeMethod(Invoker.java:645)
	at org.testng.internal.Invoker.invokeTestMethod(Invoker.java:822)
	at org.testng.internal.Invoker.invokeTestMethods(Invoker.java:1130)
	at org.testng.internal.TestMethodWorker.invokeTestMethods(TestMethodWorker.java:129)
	at org.testng.internal.TestMethodWorker.run(TestMethodWorker.java:112)
	at org.testng.TestRunner.privateRun(TestRunner.java:782)
	at org.testng.TestRunner.run(TestRunner.java:632)
	at org.testng.SuiteRunner.runTest(SuiteRunner.java:366)
	at org.testng.SuiteRunner.runSequentially(SuiteRunner.java:361)
	at org.testng.SuiteRunner.privateRun(SuiteRunner.java:319)
	at org.testng.SuiteRunner.run(SuiteRunner.java:268)
	at org.testng.SuiteRunnerWorker.runSuite(SuiteRunnerWorker.java:52)
	at org.testng.SuiteRunnerWorker.run(SuiteRunnerWorker.java:86)
	at org.testng.TestNG.runSuitesSequentially(TestNG.java:1244)
	at org.testng.TestNG.runSuitesLocally(TestNG.java:1169)
	at org.testng.TestNG.run(TestNG.java:1064)
	at org.testng.remote.RemoteTestNG.run(RemoteTestNG.java:113)
	at org.testng.remote.RemoteTestNG.initAndRun(RemoteTestNG.java:206)
	at org.testng.remote.RemoteTestNG.main(RemoteTestNG.java:177)
]]>
    </failure>
  </testcase> <!-- RealGrid2 -->
</testsuite> <!-- com.thalesgroup.services.cte.lis.dojo.RealGridsTest -->
