<?xml version="1.0" encoding="UTF-8"?>
<!-- Generated by org.testng.reporters.JUnitReportReporter -->
<testsuite hostname="cvfdev" name="com.thalesgroup.services.cte.lis.dojo.Story4Test" tests="1" failures="0" timestamp="19 May 2016 22:24:05 GMT" time="0.007" errors="0">
  <testcase name="testLastPossibleValueOfCell" time="0.007" classname="com.thalesgroup.services.cte.lis.dojo.Story4Test"/>
</testsuite> <!-- com.thalesgroup.services.cte.lis.dojo.Story4Test -->
