<?xml version="1.0" encoding="UTF-8"?>
<!-- Generated by org.testng.reporters.JUnitReportReporter -->
<testsuite hostname="cvfdev" name="com.thalesgroup.services.cte.lis.dojo.Story6Test" tests="2" failures="0" timestamp="19 May 2016 23:46:44 GMT" time="0.007" errors="0">
  <testcase name="testGroupsOfNWithNPossibleValues" time="0.006" classname="com.thalesgroup.services.cte.lis.dojo.Story6Test"/>
  <testcase name="testThis" time="0.001" classname="com.thalesgroup.services.cte.lis.dojo.Story6Test"/>
</testsuite> <!-- com.thalesgroup.services.cte.lis.dojo.Story6Test -->
