<?xml version="1.0" encoding="UTF-8"?>
<!-- Generated by org.testng.reporters.JUnitReportReporter -->
<testsuite hostname="cvfdev" name="com.thalesgroup.services.cte.lis.dojo.sudoku.units.RowTest" tests="1" failures="0" timestamp="20 May 2016 14:32:41 GMT" time="0.013" errors="0">
  <testcase name="testValeurManquante" time="0.013" classname="com.thalesgroup.services.cte.lis.dojo.sudoku.units.RowTest"/>
</testsuite> <!-- com.thalesgroup.services.cte.lis.dojo.sudoku.units.RowTest -->
