<?xml version="1.0" encoding="UTF-8"?>
<!-- Generated by org.testng.reporters.JUnitReportReporter -->
<testsuite hostname="cvfdev" name="com.thalesgroup.services.cte.lis.dojo.Story6Test" tests="2" failures="0" timestamp="20 May 2016 08:52:00 GMT" time="0.072" errors="0">
  <testcase name="testGroupsOfNWithNPossibleValues" time="0.071" classname="com.thalesgroup.services.cte.lis.dojo.Story6Test"/>
  <testcase name="testThis" time="0.001" classname="com.thalesgroup.services.cte.lis.dojo.Story6Test"/>
</testsuite> <!-- com.thalesgroup.services.cte.lis.dojo.Story6Test -->
