<?xml version="1.0" encoding="UTF-8"?>
<!-- Generated by org.testng.reporters.JUnitReportReporter -->
<testsuite hostname="cvfdev" name="com.thalesgroup.services.cte.lis.dojo.Story2Test" tests="1" failures="0" timestamp="19 May 2016 21:52:32 GMT" time="0.006" errors="0">
  <testcase name="testLastCellOfSquare" time="0.006" classname="com.thalesgroup.services.cte.lis.dojo.Story2Test"/>
</testsuite> <!-- com.thalesgroup.services.cte.lis.dojo.Story2Test -->
