<?xml version="1.0" encoding="UTF-8"?>
<!-- Generated by org.testng.reporters.JUnitReportReporter -->
<testsuite hostname="cvfdev" name="com.thalesgroup.services.cte.lis.dojo.Story3Test" tests="1" failures="0" timestamp="20 May 2016 08:52:00 GMT" time="0.106" errors="0">
  <testcase name="testLastCellOfRow" time="0.106" classname="com.thalesgroup.services.cte.lis.dojo.Story3Test"/>
</testsuite> <!-- com.thalesgroup.services.cte.lis.dojo.Story3Test -->
